Traceback (most recent call last):
  File "/opt/conda/envs/rapids/lib/python3.9/site-packages/jupyter_cache/executors/utils.py", line 58, in single_nb_execution
    executenb(
  File "/opt/conda/envs/rapids/lib/python3.9/site-packages/nbclient/client.py", line 1204, in execute
    return NotebookClient(nb=nb, resources=resources, km=km, **kwargs).execute()
  File "/opt/conda/envs/rapids/lib/python3.9/site-packages/nbclient/util.py", line 84, in wrapped
    return just_run(coro(*args, **kwargs))
  File "/opt/conda/envs/rapids/lib/python3.9/site-packages/nbclient/util.py", line 62, in just_run
    return loop.run_until_complete(coro)
  File "/opt/conda/envs/rapids/lib/python3.9/asyncio/base_events.py", line 647, in run_until_complete
    return future.result()
  File "/opt/conda/envs/rapids/lib/python3.9/site-packages/nbclient/client.py", line 663, in async_execute
    await self.async_execute_cell(
  File "/opt/conda/envs/rapids/lib/python3.9/site-packages/nbclient/client.py", line 965, in async_execute_cell
    await self._check_raise_for_error(cell, cell_index, exec_reply)
  File "/opt/conda/envs/rapids/lib/python3.9/site-packages/nbclient/client.py", line 862, in _check_raise_for_error
    raise CellExecutionError.from_cell_and_msg(cell, exec_reply_content)
nbclient.exceptions.CellExecutionError: An error occurred while executing the following cell:
------------------
sr.apply(f)
------------------

[0;31m---------------------------------------------------------------------------[0m
[0;31mTypingError[0m                               Traceback (most recent call last)
[0;32m/opt/conda/envs/rapids/lib/python3.9/site-packages/cudf/core/indexed_frame.py[0m in [0;36m_apply[0;34m(self, func, kernel_getter, *args, **kwargs)[0m
[1;32m   1792[0m         [0;32mtry[0m[0;34m:[0m[0;34m[0m[0;34m[0m[0m
[0;32m-> 1793[0;31m             kernel, retty = _compile_or_get(
[0m[1;32m   1794[0m                 [0mself[0m[0;34m,[0m [0mfunc[0m[0;34m,[0m [0margs[0m[0;34m,[0m [0mkernel_getter[0m[0;34m=[0m[0mkernel_getter[0m[0;34m[0m[0;34m[0m[0m

[0;32m/opt/conda/envs/rapids/lib/python3.9/contextlib.py[0m in [0;36minner[0;34m(*args, **kwds)[0m
[1;32m     78[0m             [0;32mwith[0m [0mself[0m[0;34m.[0m[0m_recreate_cm[0m[0;34m([0m[0;34m)[0m[0;34m:[0m[0;34m[0m[0;34m[0m[0m
[0;32m---> 79[0;31m                 [0;32mreturn[0m [0mfunc[0m[0;34m([0m[0;34m*[0m[0margs[0m[0;34m,[0m [0;34m**[0m[0mkwds[0m[0;34m)[0m[0;34m[0m[0;34m[0m[0m
[0m[1;32m     80[0m         [0;32mreturn[0m [0minner[0m[0;34m[0m[0;34m[0m[0m

[0;32m/opt/conda/envs/rapids/lib/python3.9/site-packages/cudf/core/udf/utils.py[0m in [0;36m_compile_or_get[0;34m(frame, func, args, kernel_getter)[0m
[1;32m    201[0m [0;34m[0m[0m
[0;32m--> 202[0;31m     [0mkernel[0m[0;34m,[0m [0mscalar_return_type[0m [0;34m=[0m [0mkernel_getter[0m[0;34m([0m[0mframe[0m[0;34m,[0m [0mfunc[0m[0;34m,[0m [0margs[0m[0;34m)[0m[0;34m[0m[0;34m[0m[0m
[0m[1;32m    203[0m [0;34m[0m[0m

[0;32m/opt/conda/envs/rapids/lib/python3.9/site-packages/cudf/core/udf/scalar_function.py[0m in [0;36m_get_scalar_kernel[0;34m(sr, func, args)[0m
[1;32m     51[0m     [0msr_type[0m [0;34m=[0m [0mMaskedType[0m[0;34m([0m[0mnumpy_support[0m[0;34m.[0m[0mfrom_dtype[0m[0;34m([0m[0msr[0m[0;34m.[0m[0mdtype[0m[0;34m)[0m[0;34m)[0m[0;34m[0m[0;34m[0m[0m
[0;32m---> 52[0;31m     [0mscalar_return_type[0m [0;34m=[0m [0m_get_udf_return_type[0m[0;34m([0m[0msr_type[0m[0;34m,[0m [0mfunc[0m[0;34m,[0m [0margs[0m[0;34m)[0m[0;34m[0m[0;34m[0m[0m
[0m[1;32m     53[0m [0;34m[0m[0m

[0;32m/opt/conda/envs/rapids/lib/python3.9/contextlib.py[0m in [0;36minner[0;34m(*args, **kwds)[0m
[1;32m     78[0m             [0;32mwith[0m [0mself[0m[0;34m.[0m[0m_recreate_cm[0m[0;34m([0m[0;34m)[0m[0;34m:[0m[0;34m[0m[0;34m[0m[0m
[0;32m---> 79[0;31m                 [0;32mreturn[0m [0mfunc[0m[0;34m([0m[0;34m*[0m[0margs[0m[0;34m,[0m [0;34m**[0m[0mkwds[0m[0;34m)[0m[0;34m[0m[0;34m[0m[0m
[0m[1;32m     80[0m         [0;32mreturn[0m [0minner[0m[0;34m[0m[0;34m[0m[0m

[0;32m/opt/conda/envs/rapids/lib/python3.9/site-packages/cudf/core/udf/utils.py[0m in [0;36m_get_udf_return_type[0;34m(argty, func, args)[0m
[1;32m     52[0m     [0;31m# needed here.[0m[0;34m[0m[0;34m[0m[0m
[0;32m---> 53[0;31m     [0mptx[0m[0;34m,[0m [0moutput_type[0m [0;34m=[0m [0mcudautils[0m[0;34m.[0m[0mcompile_udf[0m[0;34m([0m[0mfunc[0m[0;34m,[0m [0mcompile_sig[0m[0;34m)[0m[0;34m[0m[0;34m[0m[0m
[0m[1;32m     54[0m     [0;32mif[0m [0;32mnot[0m [0misinstance[0m[0;34m([0m[0moutput_type[0m[0;34m,[0m [0mMaskedType[0m[0;34m)[0m[0;34m:[0m[0;34m[0m[0;34m[0m[0m

[0;32m/opt/conda/envs/rapids/lib/python3.9/site-packages/cudf/utils/cudautils.py[0m in [0;36mcompile_udf[0;34m(udf, type_signature)[0m
[1;32m    247[0m     [0;31m# compilation with Numba[0m[0;34m[0m[0;34m[0m[0m
[0;32m--> 248[0;31m     ptx_code, return_type = cuda.compile_ptx_for_current_device(
[0m[1;32m    249[0m         [0mudf[0m[0;34m,[0m [0mtype_signature[0m[0;34m,[0m [0mdevice[0m[0;34m=[0m[0;32mTrue[0m[0;34m[0m[0;34m[0m[0m

[0;32m/opt/conda/envs/rapids/lib/python3.9/site-packages/numba/cuda/compiler.py[0m in [0;36mcompile_ptx_for_current_device[0;34m(pyfunc, args, debug, lineinfo, device, fastmath, opt)[0m
[1;32m    289[0m     [0mcc[0m [0;34m=[0m [0mget_current_device[0m[0;34m([0m[0;34m)[0m[0;34m.[0m[0mcompute_capability[0m[0;34m[0m[0;34m[0m[0m
[0;32m--> 290[0;31m     return compile_ptx(pyfunc, args, debug=debug, lineinfo=lineinfo,
[0m[1;32m    291[0m                        device=device, fastmath=fastmath, cc=cc, opt=True)

[0;32m/opt/conda/envs/rapids/lib/python3.9/site-packages/numba/core/compiler_lock.py[0m in [0;36m_acquire_compile_lock[0;34m(*args, **kwargs)[0m
[1;32m     34[0m             [0;32mwith[0m [0mself[0m[0;34m:[0m[0;34m[0m[0;34m[0m[0m
[0;32m---> 35[0;31m                 [0;32mreturn[0m [0mfunc[0m[0;34m([0m[0;34m*[0m[0margs[0m[0;34m,[0m [0;34m**[0m[0mkwargs[0m[0;34m)[0m[0;34m[0m[0;34m[0m[0m
[0m[1;32m     36[0m         [0;32mreturn[0m [0m_acquire_compile_lock[0m[0;34m[0m[0;34m[0m[0m

[0;32m/opt/conda/envs/rapids/lib/python3.9/site-packages/numba/cuda/compiler.py[0m in [0;36mcompile_ptx[0;34m(pyfunc, args, debug, lineinfo, device, fastmath, cc, opt)[0m
[1;32m    266[0m [0;34m[0m[0m
[0;32m--> 267[0;31m     cres = compile_cuda(pyfunc, None, args, debug=debug, lineinfo=lineinfo,
[0m[1;32m    268[0m                         nvvm_options=nvvm_options)

[0;32m/opt/conda/envs/rapids/lib/python3.9/site-packages/numba/core/compiler_lock.py[0m in [0;36m_acquire_compile_lock[0;34m(*args, **kwargs)[0m
[1;32m     34[0m             [0;32mwith[0m [0mself[0m[0;34m:[0m[0;34m[0m[0;34m[0m[0m
[0;32m---> 35[0;31m                 [0;32mreturn[0m [0mfunc[0m[0;34m([0m[0;34m*[0m[0margs[0m[0;34m,[0m [0;34m**[0m[0mkwargs[0m[0;34m)[0m[0;34m[0m[0;34m[0m[0m
[0m[1;32m     36[0m         [0;32mreturn[0m [0m_acquire_compile_lock[0m[0;34m[0m[0;34m[0m[0m

[0;32m/opt/conda/envs/rapids/lib/python3.9/site-packages/numba/cuda/compiler.py[0m in [0;36mcompile_cuda[0;34m(pyfunc, return_type, args, debug, lineinfo, inline, fastmath, nvvm_options)[0m
[1;32m    201[0m     [0;31m# Run compilation pipeline[0m[0;34m[0m[0;34m[0m[0m
[0;32m--> 202[0;31m     cres = compiler.compile_extra(typingctx=typingctx,
[0m[1;32m    203[0m                                   [0mtargetctx[0m[0;34m=[0m[0mtargetctx[0m[0;34m,[0m[0;34m[0m[0;34m[0m[0m

[0;32m/opt/conda/envs/rapids/lib/python3.9/site-packages/numba/core/compiler.py[0m in [0;36mcompile_extra[0;34m(typingctx, targetctx, func, args, return_type, flags, locals, library, pipeline_class)[0m
[1;32m    692[0m                               args, return_type, flags, locals)
[0;32m--> 693[0;31m     [0;32mreturn[0m [0mpipeline[0m[0;34m.[0m[0mcompile_extra[0m[0;34m([0m[0mfunc[0m[0;34m)[0m[0;34m[0m[0;34m[0m[0m
[0m[1;32m    694[0m [0;34m[0m[0m

[0;32m/opt/conda/envs/rapids/lib/python3.9/site-packages/numba/core/compiler.py[0m in [0;36mcompile_extra[0;34m(self, func)[0m
[1;32m    428[0m         [0mself[0m[0;34m.[0m[0mstate[0m[0;34m.[0m[0mlifted_from[0m [0;34m=[0m [0;32mNone[0m[0;34m[0m[0;34m[0m[0m
[0;32m--> 429[0;31m         [0;32mreturn[0m [0mself[0m[0;34m.[0m[0m_compile_bytecode[0m[0;34m([0m[0;34m)[0m[0;34m[0m[0;34m[0m[0m
[0m[1;32m    430[0m [0;34m[0m[0m

[0;32m/opt/conda/envs/rapids/lib/python3.9/site-packages/numba/core/compiler.py[0m in [0;36m_compile_bytecode[0;34m(self)[0m
[1;32m    496[0m         [0;32massert[0m [0mself[0m[0;34m.[0m[0mstate[0m[0;34m.[0m[0mfunc_ir[0m [0;32mis[0m [0;32mNone[0m[0;34m[0m[0;34m[0m[0m
[0;32m--> 497[0;31m         [0;32mreturn[0m [0mself[0m[0;34m.[0m[0m_compile_core[0m[0;34m([0m[0;34m)[0m[0;34m[0m[0;34m[0m[0m
[0m[1;32m    498[0m [0;34m[0m[0m

[0;32m/opt/conda/envs/rapids/lib/python3.9/site-packages/numba/core/compiler.py[0m in [0;36m_compile_core[0;34m(self)[0m
[1;32m    475[0m                     [0;32mif[0m [0mis_final_pipeline[0m[0;34m:[0m[0;34m[0m[0;34m[0m[0m
[0;32m--> 476[0;31m                         [0;32mraise[0m [0me[0m[0;34m[0m[0;34m[0m[0m
[0m[1;32m    477[0m             [0;32melse[0m[0;34m:[0m[0;34m[0m[0;34m[0m[0m

[0;32m/opt/conda/envs/rapids/lib/python3.9/site-packages/numba/core/compiler.py[0m in [0;36m_compile_core[0;34m(self)[0m
[1;32m    462[0m                 [0;32mtry[0m[0;34m:[0m[0;34m[0m[0;34m[0m[0m
[0;32m--> 463[0;31m                     [0mpm[0m[0;34m.[0m[0mrun[0m[0;34m([0m[0mself[0m[0;34m.[0m[0mstate[0m[0;34m)[0m[0;34m[0m[0;34m[0m[0m
[0m[1;32m    464[0m                     [0;32mif[0m [0mself[0m[0;34m.[0m[0mstate[0m[0;34m.[0m[0mcr[0m [0;32mis[0m [0;32mnot[0m [0;32mNone[0m[0;34m:[0m[0;34m[0m[0;34m[0m[0m

[0;32m/opt/conda/envs/rapids/lib/python3.9/site-packages/numba/core/compiler_machinery.py[0m in [0;36mrun[0;34m(self, state)[0m
[1;32m    352[0m                 [0mpatched_exception[0m [0;34m=[0m [0mself[0m[0;34m.[0m[0m_patch_error[0m[0;34m([0m[0mmsg[0m[0;34m,[0m [0me[0m[0;34m)[0m[0;34m[0m[0;34m[0m[0m
[0;32m--> 353[0;31m                 [0;32mraise[0m [0mpatched_exception[0m[0;34m[0m[0;34m[0m[0m
[0m[1;32m    354[0m [0;34m[0m[0m

[0;32m/opt/conda/envs/rapids/lib/python3.9/site-packages/numba/core/compiler_machinery.py[0m in [0;36mrun[0;34m(self, state)[0m
[1;32m    340[0m                 [0;32mif[0m [0misinstance[0m[0;34m([0m[0mpass_inst[0m[0;34m,[0m [0mCompilerPass[0m[0;34m)[0m[0;34m:[0m[0;34m[0m[0;34m[0m[0m
[0;32m--> 341[0;31m                     [0mself[0m[0;34m.[0m[0m_runPass[0m[0;34m([0m[0midx[0m[0;34m,[0m [0mpass_inst[0m[0;34m,[0m [0mstate[0m[0;34m)[0m[0;34m[0m[0;34m[0m[0m
[0m[1;32m    342[0m                 [0;32melse[0m[0;34m:[0m[0;34m[0m[0;34m[0m[0m

[0;32m/opt/conda/envs/rapids/lib/python3.9/site-packages/numba/core/compiler_lock.py[0m in [0;36m_acquire_compile_lock[0;34m(*args, **kwargs)[0m
[1;32m     34[0m             [0;32mwith[0m [0mself[0m[0;34m:[0m[0;34m[0m[0;34m[0m[0m
[0;32m---> 35[0;31m                 [0;32mreturn[0m [0mfunc[0m[0;34m([0m[0;34m*[0m[0margs[0m[0;34m,[0m [0;34m**[0m[0mkwargs[0m[0;34m)[0m[0;34m[0m[0;34m[0m[0m
[0m[1;32m     36[0m         [0;32mreturn[0m [0m_acquire_compile_lock[0m[0;34m[0m[0;34m[0m[0m

[0;32m/opt/conda/envs/rapids/lib/python3.9/site-packages/numba/core/compiler_machinery.py[0m in [0;36m_runPass[0;34m(self, index, pss, internal_state)[0m
[1;32m    295[0m         [0;32mwith[0m [0mSimpleTimer[0m[0;34m([0m[0;34m)[0m [0;32mas[0m [0mpass_time[0m[0;34m:[0m[0;34m[0m[0;34m[0m[0m
[0;32m--> 296[0;31m             [0mmutated[0m [0;34m|=[0m [0mcheck[0m[0;34m([0m[0mpss[0m[0;34m.[0m[0mrun_pass[0m[0;34m,[0m [0minternal_state[0m[0;34m)[0m[0;34m[0m[0;34m[0m[0m
[0m[1;32m    297[0m         [0;32mwith[0m [0mSimpleTimer[0m[0;34m([0m[0;34m)[0m [0;32mas[0m [0mfinalize_time[0m[0;34m:[0m[0;34m[0m[0;34m[0m[0m

[0;32m/opt/conda/envs/rapids/lib/python3.9/site-packages/numba/core/compiler_machinery.py[0m in [0;36mcheck[0;34m(func, compiler_state)[0m
[1;32m    268[0m         [0;32mdef[0m [0mcheck[0m[0;34m([0m[0mfunc[0m[0;34m,[0m [0mcompiler_state[0m[0;34m)[0m[0;34m:[0m[0;34m[0m[0;34m[0m[0m
[0;32m--> 269[0;31m             [0mmangled[0m [0;34m=[0m [0mfunc[0m[0;34m([0m[0mcompiler_state[0m[0;34m)[0m[0;34m[0m[0;34m[0m[0m
[0m[1;32m    270[0m             [0;32mif[0m [0mmangled[0m [0;32mnot[0m [0;32min[0m [0;34m([0m[0;32mTrue[0m[0;34m,[0m [0;32mFalse[0m[0;34m)[0m[0;34m:[0m[0;34m[0m[0;34m[0m[0m

[0;32m/opt/conda/envs/rapids/lib/python3.9/site-packages/numba/core/typed_passes.py[0m in [0;36mrun_pass[0;34m(self, state)[0m
[1;32m    104[0m             [0;31m# Type inference[0m[0;34m[0m[0;34m[0m[0m
[0;32m--> 105[0;31m             typemap, return_type, calltypes, errs = type_inference_stage(
[0m[1;32m    106[0m                 [0mstate[0m[0;34m.[0m[0mtypingctx[0m[0;34m,[0m[0;34m[0m[0;34m[0m[0m

[0;32m/opt/conda/envs/rapids/lib/python3.9/site-packages/numba/core/typed_passes.py[0m in [0;36mtype_inference_stage[0;34m(typingctx, targetctx, interp, args, return_type, locals, raise_errors)[0m
[1;32m     82[0m         [0;31m# return errors in case of partial typing[0m[0;34m[0m[0;34m[0m[0m
[0;32m---> 83[0;31m         [0merrs[0m [0;34m=[0m [0minfer[0m[0;34m.[0m[0mpropagate[0m[0;34m([0m[0mraise_errors[0m[0;34m=[0m[0mraise_errors[0m[0;34m)[0m[0;34m[0m[0;34m[0m[0m
[0m[1;32m     84[0m         [0mtypemap[0m[0;34m,[0m [0mrestype[0m[0;34m,[0m [0mcalltypes[0m [0;34m=[0m [0minfer[0m[0;34m.[0m[0munify[0m[0;34m([0m[0mraise_errors[0m[0;34m=[0m[0mraise_errors[0m[0;34m)[0m[0;34m[0m[0;34m[0m[0m

[0;32m/opt/conda/envs/rapids/lib/python3.9/site-packages/numba/core/typeinfer.py[0m in [0;36mpropagate[0;34m(self, raise_errors)[0m
[1;32m   1085[0m                 [0;32mif[0m [0;32mnot[0m [0mforce_lit_args[0m[0;34m:[0m[0;34m[0m[0;34m[0m[0m
[0;32m-> 1086[0;31m                     [0;32mraise[0m [0merrors[0m[0;34m[[0m[0;36m0[0m[0;34m][0m[0;34m[0m[0;34m[0m[0m
[0m[1;32m   1087[0m                 [0;32melse[0m[0;34m:[0m[0;34m[0m[0;34m[0m[0m

[0;31mTypingError[0m: Failed in cuda mode pipeline (step: nopython frontend)
[1m[1m[1mNo implementation of function Function(<built-in function len>) found for signature:
 
 >>> len(MaskedPoison<


 Unsupported MaskedType. This is usually caused by attempting to use a column of unsupported dtype in a UDF. Supported dtypes are (<class 'numba.core.types.abstract.Number'>, <class 'numba.core.types.scalars.Boolean'>, <class 'numba.core.types.scalars.NPDatetime'>, <class 'numba.core.types.scalars.NPTimedelta'>)>)
 
There are 16 candidate implementations:
[1m  - Of which 16 did not match due to:
  Overload of function 'len': File: <numerous>: Line N/A.
    With argument(s): '(MaskedPoison<
  
  
   Unsupported MaskedType. This is usually caused by attempting to use a column of unsupported dtype in a UDF. Supported dtypes are (<class 'numba.core.types.abstract.Number'>, <class 'numba.core.types.scalars.Boolean'>, <class 'numba.core.types.scalars.NPDatetime'>, <class 'numba.core.types.scalars.NPTimedelta'>)>)':[0m
[1m   No match.[0m
[0m
[0m[1mDuring: resolving callee type: Function(<built-in function len>)[0m
[0m[1mDuring: typing of call at /tmp/ipykernel_1064/440050923.py (2)
[0m
[1m
File "../../../../../../tmp/ipykernel_1064/440050923.py", line 2:[0m
[1m<source missing, REPL/exec in use?>[0m


The above exception was the direct cause of the following exception:

[0;31mValueError[0m                                Traceback (most recent call last)
[0;32m/tmp/ipykernel_1064/4105892755.py[0m in [0;36m<module>[0;34m[0m
[0;32m----> 1[0;31m [0msr[0m[0;34m.[0m[0mapply[0m[0;34m([0m[0mf[0m[0;34m)[0m[0;34m[0m[0;34m[0m[0m
[0m
[0;32m/opt/conda/envs/rapids/lib/python3.9/contextlib.py[0m in [0;36minner[0;34m(*args, **kwds)[0m
[1;32m     77[0m         [0;32mdef[0m [0minner[0m[0;34m([0m[0;34m*[0m[0margs[0m[0;34m,[0m [0;34m**[0m[0mkwds[0m[0;34m)[0m[0;34m:[0m[0;34m[0m[0;34m[0m[0m
[1;32m     78[0m             [0;32mwith[0m [0mself[0m[0;34m.[0m[0m_recreate_cm[0m[0;34m([0m[0;34m)[0m[0;34m:[0m[0;34m[0m[0;34m[0m[0m
[0;32m---> 79[0;31m                 [0;32mreturn[0m [0mfunc[0m[0;34m([0m[0;34m*[0m[0margs[0m[0;34m,[0m [0;34m**[0m[0mkwds[0m[0;34m)[0m[0;34m[0m[0;34m[0m[0m
[0m[1;32m     80[0m         [0;32mreturn[0m [0minner[0m[0;34m[0m[0;34m[0m[0m
[1;32m     81[0m [0;34m[0m[0m

[0;32m/opt/conda/envs/rapids/lib/python3.9/site-packages/cudf/core/series.py[0m in [0;36mapply[0;34m(self, func, convert_dtype, args, **kwargs)[0m
[1;32m   2332[0m             [0;32mraise[0m [0mValueError[0m[0;34m([0m[0;34m"Series.apply only supports convert_dtype=True"[0m[0;34m)[0m[0;34m[0m[0;34m[0m[0m
[1;32m   2333[0m [0;34m[0m[0m
[0;32m-> 2334[0;31m         [0mresult[0m [0;34m=[0m [0mself[0m[0;34m.[0m[0m_apply[0m[0;34m([0m[0mfunc[0m[0;34m,[0m [0m_get_scalar_kernel[0m[0;34m,[0m [0;34m*[0m[0margs[0m[0;34m,[0m [0;34m**[0m[0mkwargs[0m[0;34m)[0m[0;34m[0m[0;34m[0m[0m
[0m[1;32m   2335[0m         [0mresult[0m[0;34m.[0m[0mname[0m [0;34m=[0m [0mself[0m[0;34m.[0m[0mname[0m[0;34m[0m[0;34m[0m[0m
[1;32m   2336[0m         [0;32mreturn[0m [0mresult[0m[0;34m[0m[0;34m[0m[0m

[0;32m/opt/conda/envs/rapids/lib/python3.9/contextlib.py[0m in [0;36minner[0;34m(*args, **kwds)[0m
[1;32m     77[0m         [0;32mdef[0m [0minner[0m[0;34m([0m[0;34m*[0m[0margs[0m[0;34m,[0m [0;34m**[0m[0mkwds[0m[0;34m)[0m[0;34m:[0m[0;34m[0m[0;34m[0m[0m
[1;32m     78[0m             [0;32mwith[0m [0mself[0m[0;34m.[0m[0m_recreate_cm[0m[0;34m([0m[0;34m)[0m[0;34m:[0m[0;34m[0m[0;34m[0m[0m
[0;32m---> 79[0;31m                 [0;32mreturn[0m [0mfunc[0m[0;34m([0m[0;34m*[0m[0margs[0m[0;34m,[0m [0;34m**[0m[0mkwds[0m[0;34m)[0m[0;34m[0m[0;34m[0m[0m
[0m[1;32m     80[0m         [0;32mreturn[0m [0minner[0m[0;34m[0m[0;34m[0m[0m
[1;32m     81[0m [0;34m[0m[0m

[0;32m/opt/conda/envs/rapids/lib/python3.9/site-packages/cudf/core/indexed_frame.py[0m in [0;36m_apply[0;34m(self, func, kernel_getter, *args, **kwargs)[0m
[1;32m   1795[0m             )
[1;32m   1796[0m         [0;32mexcept[0m [0mException[0m [0;32mas[0m [0me[0m[0;34m:[0m[0;34m[0m[0;34m[0m[0m
[0;32m-> 1797[0;31m             raise ValueError(
[0m[1;32m   1798[0m                 [0;34m"user defined function compilation failed."[0m[0;34m[0m[0;34m[0m[0m
[1;32m   1799[0m             ) from e

[0;31mValueError[0m: user defined function compilation failed.
ValueError: user defined function compilation failed.

